<?xml version="1.0" encoding="UTF-8"?>
<!-- Generated by org.testng.reporters.JUnitXMLReporter -->
<testsuite hostname="skoduru-pro" name="Search Product without Login" tests="1" failures="0" timestamp="12 Apr 2020 18:06:12 GMT" time="0.189" errors="0">
  <testcase name="@BeforeClass setUp" time="0.0" classname="com.telstra.android.search.SearchProductTest">
    <failure type="java.lang.NullPointerException">
      <![CDATA[java.lang.NullPointerException
	at com.telstra.reporting.Logger.fail(Logger.java:24)
	at com.telstra.android.BaseTest.parseXmlFileData(BaseTest.java:56)
	at com.telstra.android.BaseTest.setUp(BaseTest.java:41)
... Removed 23 stack frames]]>
    </failure>
  </testcase> <!-- @BeforeClass setUp -->
  <testcase name="searchProduct" time="0.0" classname="com.telstra.android.search.SearchProductTest">
    <skipped/>
  </testcase> <!-- searchProduct -->
</testsuite> <!-- Search Product without Login -->
