<?xml version="1.0" encoding="UTF-8"?>
<!-- Generated by org.testng.reporters.JUnitXMLReporter -->
<testsuite hostname="skoduru-pro" name="amazon" tests="1" failures="1" timestamp="12 Apr 2020 15:06:51 GMT" time="76.778" errors="0">
  <testcase name="@AfterMethod quitDriver" time="0.0" classname="com.telstra.android.search.SearchProductTest">
    <failure type="org.openqa.selenium.WebDriverException" message="An unknown server-side error occurred while processing the command. Original error: &amp;apos;com.amazon.mShop.android.shopping&amp;apos; is still running after 500ms timeout
Build info: version: &amp;apos;3.141.59&amp;apos;, revision: &amp;apos;e82be7d358&amp;apos;, time: &amp;apos;2018-11-14T08:17:03&amp;apos;
System info: host: &amp;apos;skoduru-pro&amp;apos;, ip: &amp;apos;10.0.0.15&amp;apos;, os.name: &amp;apos;Mac OS X&amp;apos;, os.arch: &amp;apos;x86_64&amp;apos;, os.version: &amp;apos;10.14.6&amp;apos;, java.version: &amp;apos;1.8.0_131&amp;apos;
Driver info: io.appium.java_client.android.AndroidDriver
Capabilities {appActivity: com.amazon.mShop.splashscre..., appPackage: com.amazon.mShop.android.sh..., databaseEnabled: false, desired: {appActivity: com.amazon.mShop.splashscre..., appPackage: com.amazon.mShop.android.sh..., deviceName: HT7AG1A01243, newCommandTimeout: 50000, platformName: android, version: 9}, deviceApiLevel: 28, deviceManufacturer: Google, deviceModel: Pixel 2, deviceName: HT7AG1A01243, deviceScreenDensity: 420, deviceScreenSize: 1080x1920, deviceUDID: HT7AG1A01243, javascriptEnabled: true, locationContextEnabled: false, networkConnectionEnabled: true, newCommandTimeout: 50000, pixelRatio: 2.625, platform: LINUX, platformName: android, platformVersion: 9, statBarHeight: 63, takesScreenshot: true, version: 9, viewportRect: {height: 1731, left: 0, top: 63, width: 1080}, warnings: {}, webStorageEnabled: false}
Session ID: f492313f-d188-461f-bb26-bbdf89c57078">
      <![CDATA[org.openqa.selenium.WebDriverException: An unknown server-side error occurred while processing the command. Original error: 'com.amazon.mShop.android.shopping' is still running after 500ms timeout
Build info: version: '3.141.59', revision: 'e82be7d358', time: '2018-11-14T08:17:03'
System info: host: 'skoduru-pro', ip: '10.0.0.15', os.name: 'Mac OS X', os.arch: 'x86_64', os.version: '10.14.6', java.version: '1.8.0_131'
Driver info: io.appium.java_client.android.AndroidDriver
Capabilities {appActivity: com.amazon.mShop.splashscre..., appPackage: com.amazon.mShop.android.sh..., databaseEnabled: false, desired: {appActivity: com.amazon.mShop.splashscre..., appPackage: com.amazon.mShop.android.sh..., deviceName: HT7AG1A01243, newCommandTimeout: 50000, platformName: android, version: 9}, deviceApiLevel: 28, deviceManufacturer: Google, deviceModel: Pixel 2, deviceName: HT7AG1A01243, deviceScreenDensity: 420, deviceScreenSize: 1080x1920, deviceUDID: HT7AG1A01243, javascriptEnabled: true, locationContextEnabled: false, networkConnectionEnabled: true, newCommandTimeout: 50000, pixelRatio: 2.625, platform: LINUX, platformName: android, platformVersion: 9, statBarHeight: 63, takesScreenshot: true, version: 9, viewportRect: {height: 1731, left: 0, top: 63, width: 1080}, warnings: {}, webStorageEnabled: false}
Session ID: f492313f-d188-461f-bb26-bbdf89c57078
	at org.openqa.selenium.remote.http.W3CHttpResponseCodec.createException(W3CHttpResponseCodec.java:187)
	at org.openqa.selenium.remote.http.W3CHttpResponseCodec.decode(W3CHttpResponseCodec.java:122)
	at org.openqa.selenium.remote.http.W3CHttpResponseCodec.decode(W3CHttpResponseCodec.java:49)
	at org.openqa.selenium.remote.HttpCommandExecutor.execute(HttpCommandExecutor.java:158)
	at io.appium.java_client.remote.AppiumCommandExecutor.execute(AppiumCommandExecutor.java:239)
	at org.openqa.selenium.remote.RemoteWebDriver.execute(RemoteWebDriver.java:552)
	at io.appium.java_client.DefaultGenericMobileDriver.execute(DefaultGenericMobileDriver.java:41)
	at io.appium.java_client.AppiumDriver.execute(AppiumDriver.java:1)
	at io.appium.java_client.android.AndroidDriver.execute(AndroidDriver.java:1)
	at io.appium.java_client.CommandExecutionHelper.execute(CommandExecutionHelper.java:27)
	at io.appium.java_client.InteractsWithApps.terminateApp(InteractsWithApps.java:203)
	at io.appium.java_client.InteractsWithApps.terminateApp(InteractsWithApps.java:187)
	at com.telstra.android.BaseTest.quitDriver(BaseTest.java:130)
... Removed 30 stack frames]]>
    </failure>
  </testcase> <!-- @AfterMethod quitDriver -->
  <testcase name="searchProduct" time="66.94" classname="com.telstra.android.search.SearchProductTest">
    <failure type="java.lang.AssertionError" message="expected [VIVO Universal LCD Flat Screen TV Table Top VESA Mount Stand Black | Base fits 22&amp;quot; to 65&amp;quot; (STAND-TV00Y)] but found [TV Wall Mount Bracket with Full Motion Articulating Arms for Most 26-55&amp;apos;&amp;apos; LED, LCD, OLED and Plasma TVs up to VESA 400 x 400mm and 99 lbs. Fits 16&amp;apos;&amp;apos;, 18&amp;apos;&amp;apos;, 24&amp;apos;&amp;apos; Wood Studs, by Mounting Dream]">
      <![CDATA[java.lang.AssertionError: expected [VIVO Universal LCD Flat Screen TV Table Top VESA Mount Stand Black | Base fits 22" to 65" (STAND-TV00Y)] but found [TV Wall Mount Bracket with Full Motion Articulating Arms for Most 26-55'' LED, LCD, OLED and Plasma TVs up to VESA 400 x 400mm and 99 lbs. Fits 16'', 18'', 24'' Wood Studs, by Mounting Dream]
	at com.telstra.android.search.SearchProductTest.searchProduct(SearchProductTest.java:34)
... Removed 30 stack frames]]>
    </failure>
  </testcase> <!-- searchProduct -->
</testsuite> <!-- amazon -->
