<?xml version="1.0" encoding="UTF-8"?>
<!-- Generated by org.testng.reporters.JUnitXMLReporter -->
<testsuite hostname="skoduru-pro" name="IMA No Ads Tests" tests="1" failures="0" timestamp="11 Apr 2020 04:19:08 GMT" time="1.399" errors="0">
  <testcase name="@AfterTest quitDriver" time="0.0" classname="com.telstra.android.search.SearchProductTest">
    <failure type="java.lang.NullPointerException">
      <![CDATA[java.lang.NullPointerException
	at com.telstra.android.BaseTest.quitDriver(BaseTest.java:132)
... Removed 22 stack frames]]>
    </failure>
  </testcase> <!-- @AfterTest quitDriver -->
  <testcase name="searchProduct" time="0.004" classname="com.telstra.android.search.SearchProductTest"/>
</testsuite> <!-- IMA No Ads Tests -->
