<?xml version="1.0" encoding="UTF-8"?>
<!-- Generated by org.testng.reporters.JUnitXMLReporter -->
<testsuite hostname="skoduru-pro" name="Product Search" tests="1" failures="0" timestamp="11 Apr 2020 03:43:28 GMT" time="2.263" errors="0">
  <testcase name="@BeforeClass setUp" time="0.0" classname="com.telstra.android.search.SearchProductTest">
    <failure type="org.testng.TestNGException" message="
Parameter &amp;apos;xmlFile&amp;apos; is required by @Configuration on method setUp but has not been marked @Optional or defined
in /Users/skoduru/eclipse-workspace/sample-framework-android/testng_files/amazon.xml">
      <![CDATA[org.testng.TestNGException: 
Parameter 'xmlFile' is required by @Configuration on method setUp but has not been marked @Optional or defined
in /Users/skoduru/eclipse-workspace/sample-framework-android/testng_files/amazon.xml
... Removed 21 stack frames]]>
    </failure>
  </testcase> <!-- @BeforeClass setUp -->
  <testcase name="@AfterTest quitDriver" time="0.0" classname="com.telstra.android.search.SearchProductTest">
    <skipped/>
  </testcase> <!-- @AfterTest quitDriver -->
  <testcase name="searchProduct" time="0.0" classname="com.telstra.android.search.SearchProductTest">
    <skipped/>
  </testcase> <!-- searchProduct -->
</testsuite> <!-- Product Search -->
